[10/21/14 14:07:49]
Modul=FIPOHOT.TIMER1.TIMER
Row=0 / 0
Error=1429
Error1=OLE IDispatch exception code 0 from MSComm: Invalid property value..
Error2=
[10/21/14 14:09:50]
Modul=FIPOHOT.TIMER1.TIMER
Row=0 / 0
Error=1429
Error1=OLE IDispatch exception code 0 from MSComm: Invalid property value..
Error2=
[10/21/14 14:58:38]
Modul=FIPOHOT.TIMER1.TIMER
Row=0 / 0
Error=1429
Error1=OLE IDispatch exception code 0 from MSComm: Invalid property value..
Error2=
[10/21/14 14:59:12]
Modul=FIPOHOT.TIMER1.TIMER
Row=0 / 0
Error=1429
Error1=OLE IDispatch exception code 0 from MSComm: Invalid property value..
Error2=
[10/21/14 15:02:54]
Modul=FIPOHOT.TIMER1.TIMER
Row=0 / 0
Error=1429
Error1=OLE IDispatch exception code 0 from MSComm: Invalid property value..
Error2=
[11/04/14 10:57:09]
Modul=FIPOHOT.TIMER1.TIMER
Row=0 / 0
Error=1429
Error1=OLE IDispatch exception code 0 from MSComm: Invalid property value..
Error2=
[11/05/14 12:26:25]
Modul=FIPOHOT.TIMER1.TIMER
Row=0 / 0
Error=1429
Error1=OLE IDispatch exception code 0 from MSComm: Invalid property value..
Error2=
[11/05/14 12:34:41]
Modul=FIPOHOT.TIMER1.TIMER
Row=0 / 0
Error=1429
Error1=OLE IDispatch exception code 0 from MSComm: Invalid property value..
Error2=
[12/08/14 08:55:02]
Modul=FIPOHOT.TIMER1.TIMER
Row=0 / 0
Error=1429
Error1=OLE IDispatch exception code 0 from MSComm: Invalid property value..
Error2=
